FAIL src/__tests__/security.test.ts (7.161 s)
  Security Property Tests
    × Property 35: Verify all stored passwords use bcrypt with 12+ salt rounds (5006 ms)
    √ Property 36: Verify all issued JWTs expire 7 days after issuance (117 ms)
    √ Property 40: Verify invalid tokens are rejected (83 ms)

  ● Security Property Tests › Property 35: Verify all stored passwords use bcrypt with 12+ salt rounds

    thrown: "Exceeded timeout of 5000 ms for a test.
    Add a timeout value to this test to increase the timeout, if this is a long-running test. See https://jestjs.io/docs/api#testname-fn-timeout."

    [0m [90m  5 |[39m describe([32m'Security Property Tests'[39m[33m,[39m () [33m=>[39m {
     [90m  6 |[39m   [90m// Property 35: Password Hashing[39m
    [31m[1m>[22m[39m[90m  7 |[39m   it([32m'Property 35: Verify all stored passwords use bcrypt with 12+ salt rounds'[39m[33m,[39m [36masync[39m () [33m=>[39m {
     [90m    |[39m   [31m[1m^[22m[39m
     [90m  8 |[39m     [36mawait[39m fc[33m.[39massert(
     [90m  9 |[39m       fc[33m.[39masyncProperty(fc[33m.[39mstring({ minLength[33m:[39m [35m1[39m[33m,[39m maxLength[33m:[39m [35m100[39m })[33m,[39m [36masync[39m (password) [33m=>[39m {
     [90m 10 |[39m         [36mconst[39m hash [33m=[39m [36mawait[39m hashPassword(password)[33m;[39m[0m

      at src/__tests__/security.test.ts:7:3
      at Object.<anonymous> (src/__tests__/security.test.ts:5:1)

Test Suites: 1 failed, 1 total
Tests:       1 failed, 2 passed, 3 total
Snapshots:   0 total
Time:        7.319 s, estimated 9 s
Ran all test suites matching src/__tests__/security.test.ts.
Jest did not exit one second after the test run has completed.

'This usually means that there are asynchronous operations that weren't stopped in your tests. Consider running Jest with `--detectOpenHandles` to troubleshoot this issue.
