FAIL src/__tests__/metrics.test.ts
  Fitness Metrics Property Tests
    × Property 2a: BMI should be within realistic range (10-60) for normal humans (16 ms)
    √ Property 2b: BMR calculation should be consistent and positive (22 ms)
    √ Property 2c: TDEE should be >= BMR (10 ms)
    √ Property 2d: Calorie targets follow surplus/deficit rules (13 ms)
    √ Property 2e: Protein target should be between 1.6 and 2.5 g/kg (9 ms)

  ● Fitness Metrics Property Tests › Property 2a: BMI should be within realistic range (10-60) for normal humans

    Property failed after 1 tests
    { seed: 493167074, path: "0:3:1:1:0:0", endOnFailure: true }
    Counterexample: [201,40]
    Shrunk 5 time(s)

    Hint: Enable verbose mode in order to have the list of all failing values encountered during the run

    [0m [90m  5 |[39m     [90m// Property 2: Derived Metrics Calculation - Verify BMI is within realistic range[39m
     [90m  6 |[39m     it([32m'Property 2a: BMI should be within realistic range (10-60) for normal humans'[39m[33m,[39m () [33m=>[39m {
    [31m[1m>[22m[39m[90m  7 |[39m         fc[33m.[39massert(
     [90m    |[39m            [31m[1m^[22m[39m
     [90m  8 |[39m             fc[33m.[39mproperty(
     [90m  9 |[39m                 fc[33m.[39minteger({ min[33m:[39m [35m140[39m[33m,[39m max[33m:[39m [35m220[39m })[33m,[39m [90m// height in cm[39m
     [90m 10 |[39m                 fc[33m.[39minteger({ min[33m:[39m [35m40[39m[33m,[39m max[33m:[39m [35m150[39m })[33m,[39m  [90m// weight in kg[39m[0m

      at buildError (node_modules/fast-check/lib/cjs/fast-check.js:2449:16)
      at throwIfFailed (node_modules/fast-check/lib/cjs/fast-check.js:2456:8)
      at reportRunDetails (node_modules/fast-check/lib/cjs/fast-check.js:2472:14)
      at Module.assert (node_modules/fast-check/lib/cjs/fast-check.js:2529:7)
      at Object.<anonymous> (src/__tests__/metrics.test.ts:7:12)

    Cause:
    expect(received).toBeGreaterThanOrEqual(expected)

    Expected: >= 10
    Received:    9.9

    [0m [90m 11 |[39m                 (height[33m,[39m weight) [33m=>[39m {
     [90m 12 |[39m                     [36mconst[39m bmi [33m=[39m calculateBMI(height[33m,[39m weight)[33m;[39m
    [31m[1m>[22m[39m[90m 13 |[39m                     expect(bmi)[33m.[39mtoBeGreaterThanOrEqual([35m10[39m)[33m;[39m
     [90m    |[39m                                 [31m[1m^[22m[39m
     [90m 14 |[39m                     expect(bmi)[33m.[39mtoBeLessThanOrEqual([35m80[39m)[33m;[39m
     [90m 15 |[39m                 }
     [90m 16 |[39m             )[0m

      at src/__tests__/metrics.test.ts:13:33
      at Property.predicate (node_modules/fast-check/lib/cjs/fast-check.js:1344:99)
      at Property.run (node_modules/fast-check/lib/cjs/fast-check.js:1313:24)
      at runIt (node_modules/fast-check/lib/cjs/fast-check.js:2492:24)
      at check (node_modules/fast-check/lib/cjs/fast-check.js:2524:204)
      at Module.assert (node_modules/fast-check/lib/cjs/fast-check.js:2527:14)
      at Object.<anonymous> (src/__tests__/metrics.test.ts:7:12)

Test Suites: 1 failed, 1 total
Tests:       1 failed, 4 passed, 5 total
Snapshots:   0 total
Time:        3.063 s, estimated 4 s
Ran all test suites matching src/__tests__/metrics.test.ts.
