FAIL src/__tests__/exercise.test.ts (5.213 s)
  Exercise Service Logic Tests
    × Property 4: Load conversion follows defined ranges (16 ms)

  ● Exercise Service Logic Tests › Property 4: Load conversion follows defined ranges

    Property failed after 1 tests
    { seed: -478975647, path: "0:1:0:0:0:0:0:0:0:0:0:0:0:0:0:0:0:0:0:0:0:0:0:0:0:0:0:0:0:0:1", endOnFailure: true }
    Counterexample: [1.401298464324817e-45,0.5]
    Shrunk 30 time(s)

    Hint: Enable verbose mode in order to have the list of all failing values encountered during the run

    [0m [90m  5 |[39m     [90m// Property 4: Load Conversion - Verify load conversion is reversible or follows defined ranges[39m
     [90m  6 |[39m     it([32m'Property 4: Load conversion follows defined ranges'[39m[33m,[39m () [33m=>[39m {
    [31m[1m>[22m[39m[90m  7 |[39m         fc[33m.[39massert(
     [90m    |[39m            [31m[1m^[22m[39m
     [90m  8 |[39m             fc[33m.[39mproperty(
     [90m  9 |[39m                 fc[33m.[39mfloat({ min[33m:[39m [35m0[39m[33m,[39m max[33m:[39m [35m200[39m })[33m,[39m [90m// source weight[39m
     [90m 10 |[39m                 fc[33m.[39mfloat({ min[33m:[39m [35m0.5[39m[33m,[39m max[33m:[39m [35m1.5[39m })[33m,[39m [90m// conversion factor[39m[0m

      at buildError (node_modules/fast-check/lib/cjs/fast-check.js:2449:16)
      at throwIfFailed (node_modules/fast-check/lib/cjs/fast-check.js:2456:8)
      at reportRunDetails (node_modules/fast-check/lib/cjs/fast-check.js:2472:14)
      at Module.assert (node_modules/fast-check/lib/cjs/fast-check.js:2529:7)
      at Object.<anonymous> (src/__tests__/exercise.test.ts:7:12)

    Cause:
    expect(received).toBeCloseTo(expected, precision)

    Expected: 0.5
    Received: 0

    Expected precision:    1
    Expected difference: < 0.05
    Received difference:   0.5

    [0m [90m 13 |[39m                     [36mif[39m (sourceWeight [33m>[39m [35m0[39m) {
     [90m 14 |[39m                         [36mconst[39m ratio [33m=[39m targetWeight [33m/[39m sourceWeight[33m;[39m
    [31m[1m>[22m[39m[90m 15 |[39m                         expect(ratio)[33m.[39mtoBeCloseTo(factor[33m,[39m [35m1[39m)[33m;[39m
     [90m    |[39m                                       [31m[1m^[22m[39m
     [90m 16 |[39m                     } [36melse[39m {
     [90m 17 |[39m                         expect(targetWeight)[33m.[39mtoBe([35m0[39m)[33m;[39m
     [90m 18 |[39m                     }[0m

      at src/__tests__/exercise.test.ts:15:39
      at Property.predicate (node_modules/fast-check/lib/cjs/fast-check.js:1344:99)
      at Property.run (node_modules/fast-check/lib/cjs/fast-check.js:1313:24)
      at runIt (node_modules/fast-check/lib/cjs/fast-check.js:2492:24)
      at check (node_modules/fast-check/lib/cjs/fast-check.js:2524:204)
      at Module.assert (node_modules/fast-check/lib/cjs/fast-check.js:2527:14)
      at Object.<anonymous> (src/__tests__/exercise.test.ts:7:12)

Test Suites: 1 failed, 1 total
Tests:       1 failed, 1 total
Snapshots:   0 total
Time:        5.337 s, estimated 6 s
Ran all test suites matching src/__tests__/exercise.test.ts.
